<?xml version="1.0" encoding="UTF-8"?>
<!-- Generated by org.testng.reporters.JUnitXMLReporter -->
<testsuite ignored="0" hostname="WKWIN8318724" failures="0" tests="3" name="Default test" time="4.343" errors="0" timestamp="2022-07-13T09:47:32 IST">
  <testcase classname="AutomationAPI.RestAssured.DynamicJson" name="addBook" time="3.914"/>
  <testcase classname="AutomationAPI.RestAssured.DynamicJson" name="addBook" time="0.138"/>
  <testcase classname="AutomationAPI.RestAssured.DynamicJson" name="addBook" time="0.151"/>
</testsuite> <!-- Default test -->
