<?xml version="1.0" encoding="UTF-8"?>
<!-- Generated by org.testng.reporters.JUnitXMLReporter -->
<testsuite ignored="0" hostname="EPINBANW0730" failures="0" tests="4" name="Test" time="6.466" errors="0" timestamp="2024-06-24T16:13:56 IST">
  <testcase classname="AutomationAPI.RestAssured.DynamicJson" name="addBook" time="3.94"/>
  <testcase classname="AutomationAPI.RestAssured.DynamicJson" name="addBook" time="0.22"/>
  <testcase classname="AutomationAPI.RestAssured.DynamicJson" name="addBook" time="0.192"/>
  <testcase classname="AutomationAPI.RestAssured.addNewPlaceAPI" name="addNewPlace" time="2.011"/>
</testsuite> <!-- Test -->
