<?xml version="1.0" encoding="UTF-8"?>
<!-- Generated by org.testng.reporters.JUnitXMLReporter -->
<testsuite ignored="0" hostname="EPINBANW0730" failures="1" tests="1" name="Test" time="0.199" errors="0" timestamp="2024-06-24T14:55:49 IST">
  <testcase classname="AutomationAPI.RestAssured.DynamicJson" name="addBook" time="0.171">
    <failure type="org.testng.internal.reflect.MethodMatcherException" message="
[public void AutomationAPI.RestAssured.DynamicJson.addBook(java.lang.String,java.lang.String)] has no parameters defined but was found to be using a data provider (either explicitly specified or inherited from class level annotation).
Data provider mismatch
Method: addBook([java.lang.String arg0, java.lang.String arg1])
Arguments: [(java.lang.String) Et quia eos facilis tempore.,(java.lang.Integer) 6147]">
      <![CDATA[org.testng.internal.reflect.MethodMatcherException: 
[public void AutomationAPI.RestAssured.DynamicJson.addBook(java.lang.String,java.lang.String)] has no parameters defined but was found to be using a data provider (either explicitly specified or inherited from class level annotation).
Data provider mismatch
Method: addBook([java.lang.String arg0, java.lang.String arg1])
Arguments: [(java.lang.String) Et quia eos facilis tempore.,(java.lang.Integer) 6147]
at java.base/java.util.ArrayList.forEach(ArrayList.java:1596)
... Removed 26 stack frames]]>
    </failure>
  </testcase> <!-- addBook -->
</testsuite> <!-- Test -->
