<?xml version="1.0" encoding="UTF-8"?>
<testng-results ignored="0" total="1" passed="1" failed="0" skipped="0">
  <reporter-output>
  </reporter-output>
  <suite started-at="2024-06-24T18:05:01 IST" name="Default suite" finished-at="2024-06-24T18:05:06 IST" duration-ms="4747">
    <groups>
      <group name="smoke">
        <method signature="addNewPlaceAPI.addNewPlace()[pri:0, instance:AutomationAPI.RestAssured.addNewPlaceAPI@59474f18]" name="addNewPlace" class="AutomationAPI.RestAssured.addNewPlaceAPI"/>
      </group> <!-- smoke -->
    </groups>
    <test started-at="2024-06-24T18:05:01 IST" name="Default test" finished-at="2024-06-24T18:05:06 IST" duration-ms="4747">
      <class name="AutomationAPI.RestAssured.addNewPlaceAPI">
        <test-method signature="addNewPlace()[pri:0, instance:AutomationAPI.RestAssured.addNewPlaceAPI@59474f18]" started-at="2024-06-24T18:05:01 IST" name="addNewPlace" finished-at="2024-06-24T18:05:06 IST" duration-ms="4659" status="PASS">
          <reporter-output>
          </reporter-output>
        </test-method> <!-- addNewPlace -->
      </class> <!-- AutomationAPI.RestAssured.addNewPlaceAPI -->
    </test> <!-- Default test -->
  </suite> <!-- Default suite -->
</testng-results>
